# JRE version: OpenJDK Runtime Environment Temurin-21.0.12.1+1 (21.0.12.1+1) (build 21.0.12.1+1-LTS)
# Java VM: OpenJDK 64-Bit Server VM Temurin-21.0.12.1+1 (21.0.12.1+1-LTS, mixed mode, sharing, tiered, compressed oops, compressed class ptrs, parallel gc, windows-amd64)
GC Precious Log:
 CardTable entry size: 512
 CPUs: 4 total, 4 available
 Memory: 8083M
 Large Page Support: Disabled
 NUMA Support: Disabled
 Compressed Oops: Enabled (Zero based)
 Alignments: Space 512K, Generation 512K, Heap 2M
 Heap Min Capacity: 100M
 Heap Initial Capacity: 100M
 Heap Max Capacity: 8G
 Pre-touch: Disabled
 Parallel Workers: 4
Heap:
 PSYoungGen      total 4608K, used 1834K [0x0000000755580000, 0x0000000755a80000, 0x0000000800000000)
  eden space 4096K, 40% used [0x0000000755580000,0x0000000755722948,0x0000000755980000)
  from space 512K, 31% used [0x0000000755980000,0x00000007559a8000,0x0000000755a00000)
  to   space 512K, 0% used [0x0000000755a00000,0x0000000755a00000,0x0000000755a80000)
 ParOldGen       total 1052160K, used 227070K [0x0000000600000000, 0x0000000640380000, 0x0000000755580000)
  object space 1052160K, 21% used [0x0000000600000000,0x000000060ddbf820,0x0000000640380000)
 Metaspace       used 99935K, committed 101888K, reserved 1179648K
  class space    used 11110K, committed 12032K, reserved 1048576K
GC Heap History (20 events):
Event: 2205.645 GC heap before
{Heap before GC invocations=2706 (full 6):
 PSYoungGen      total 4096K, used 3920K [0x0000000755580000, 0x0000000755b00000, 0x0000000800000000)
  eden space 3584K, 100% used [0x0000000755580000,0x0000000755900000,0x0000000755900000)
  from space 512K, 65% used [0x0000000755900000,0x0000000755954010,0x0000000755980000)
  to   space 512K, 0% used [0x0000000755a80000,0x0000000755a80000,0x0000000755b00000)
 ParOldGen       total 1052160K, used 222183K [0x0000000600000000, 0x0000000640380000, 0x0000000755580000)
  object space 1052160K, 21% used [0x0000000600000000,0x000000060d8f9f68,0x0000000640380000)
 Metaspace       used 99815K, committed 101696K, reserved 1179648K
  class space    used 11105K, committed 11968K, reserved 1048576K
}
Event: 2205.652 GC heap after
{Heap after GC invocations=2706 (full 6):
 PSYoungGen      total 4096K, used 346K [0x0000000755580000, 0x0000000755b00000, 0x0000000800000000)
  eden space 3584K, 0% used [0x0000000755580000,0x0000000755580000,0x0000000755900000)
  from space 512K, 67% used [0x0000000755a80000,0x0000000755ad6900,0x0000000755b00000)
  to   space 512K, 0% used [0x0000000755900000,0x0000000755900000,0x0000000755980000)
 ParOldGen       total 1052160K, used 222423K [0x0000000600000000, 0x0000000640380000, 0x0000000755580000)
  object space 1052160K, 21% used [0x0000000600000000,0x000000060d935f88,0x0000000640380000)
 Metaspace       used 99815K, committed 101696K, reserved 1179648K
  class space    used 11105K, committed 11968K, reserved 1048576K
}
Event: 2205.684 GC heap before
{Heap before GC invocations=2707 (full 6):
 PSYoungGen      total 4096K, used 3930K [0x0000000755580000, 0x0000000755b00000, 0x0000000800000000)
  eden space 3584K, 100% used [0x0000000755580000,0x0000000755900000,0x0000000755900000)
  from space 512K, 67% used [0x0000000755a80000,0x0000000755ad6900,0x0000000755b00000)
  to   space 512K, 0% used [0x0000000755900000,0x0000000755900000,0x0000000755980000)
 ParOldGen       total 1052160K, used 222423K [0x0000000600000000, 0x0000000640380000, 0x0000000755580000)
  object space 1052160K, 21% used [0x0000000600000000,0x000000060d935f88,0x0000000640380000)
 Metaspace       used 99815K, committed 101696K, reserved 1179648K
  class space    used 11105K, committed 11968K, reserved 1048576K
}
Event: 2205.688 GC heap after
{Heap after GC invocations=2707 (full 6):
 PSYoungGen      total 4096K, used 512K [0x0000000755580000, 0x0000000755c00000, 0x0000000800000000)
  eden space 3584K, 0% used [0x0000000755580000,0x0000000755580000,0x0000000755900000)
  from space 512K, 100% used [0x0000000755900000,0x0000000755980000,0x0000000755980000)
  to   space 1536K, 0% used [0x0000000755a80000,0x0000000755a80000,0x0000000755c00000)
 ParOldGen       total 1052160K, used 222876K [0x0000000600000000, 0x0000000640380000, 0x0000000755580000)
  object space 1052160K, 21% used [0x0000000600000000,0x000000060d9a7188,0x0000000640380000)
 Metaspace       used 99815K, committed 101696K, reserved 1179648K
  class space    used 11105K, committed 11968K, reserved 1048576K
}
Event: 2206.014 GC heap before
{Heap before GC invocations=2708 (full 6):
 PSYoungGen      total 4096K, used 4096K [0x0000000755580000, 0x0000000755c00000, 0x0000000800000000)
  eden space 3584K, 100% used [0x0000000755580000,0x0000000755900000,0x0000000755900000)
  from space 512K, 100% used [0x0000000755900000,0x0000000755980000,0x0000000755980000)
  to   space 1536K, 0% used [0x0000000755a80000,0x0000000755a80000,0x0000000755c00000)
 ParOldGen       total 1052160K, used 222876K [0x0000000600000000, 0x0000000640380000, 0x0000000755580000)
  object space 1052160K, 21% used [0x0000000600000000,0x000000060d9a7188,0x0000000640380000)
 Metaspace       used 99816K, committed 101696K, reserved 1179648K
  class space    used 11105K, committed 11968K, reserved 1048576K
}
Event: 2206.019 GC heap after
{Heap after GC invocations=2708 (full 6):
 PSYoungGen      total 4096K, used 352K [0x0000000755580000, 0x0000000755b00000, 0x0000000800000000)
  eden space 3584K, 0% used [0x0000000755580000,0x0000000755580000,0x0000000755900000)
  from space 512K, 68% used [0x0000000755a80000,0x0000000755ad8000,0x0000000755b00000)
  to   space 1024K, 0% used [0x0000000755900000,0x0000000755900000,0x0000000755a00000)
 ParOldGen       total 1052160K, used 223391K [0x0000000600000000, 0x0000000640380000, 0x0000000755580000)
  object space 1052160K, 21% used [0x0000000600000000,0x000000060da27f88,0x0000000640380000)
 Metaspace       used 99816K, committed 101696K, reserved 1179648K
  class space    used 11105K, committed 11968K, reserved 1048576K
}
Event: 2206.839 GC heap before
{Heap before GC invocations=2709 (full 6):
 PSYoungGen      total 4096K, used 3918K [0x0000000755580000, 0x0000000755b00000, 0x0000000800000000)
  eden space 3584K, 99% used [0x0000000755580000,0x00000007558fb990,0x0000000755900000)
  from space 512K, 68% used [0x0000000755a80000,0x0000000755ad8000,0x0000000755b00000)
  to   space 1024K, 0% used [0x0000000755900000,0x0000000755900000,0x0000000755a00000)
 ParOldGen       total 1052160K, used 225220K [0x0000000600000000, 0x0000000640380000, 0x0000000755580000)
  object space 1052160K, 21% used [0x0000000600000000,0x000000060dbf1090,0x0000000640380000)
 Metaspace       used 99816K, committed 101696K, reserved 1179648K
  class space    used 11105K, committed 11968K, reserved 1048576K
}
Event: 2206.853 GC heap after
{Heap after GC invocations=2709 (full 6):
 PSYoungGen      total 4608K, used 480K [0x0000000755580000, 0x0000000755b00000, 0x0000000800000000)
  eden space 3584K, 0% used [0x0000000755580000,0x0000000755580000,0x0000000755900000)
  from space 1024K, 46% used [0x0000000755900000,0x0000000755978000,0x0000000755a00000)
  to   space 512K, 0% used [0x0000000755a80000,0x0000000755a80000,0x0000000755b00000)
 ParOldGen       total 1052160K, used 225512K [0x0000000600000000, 0x0000000640380000, 0x0000000755580000)
  object space 1052160K, 21% used [0x0000000600000000,0x000000060dc3a0a0,0x0000000640380000)
 Metaspace       used 99816K, committed 101696K, reserved 1179648K
  class space    used 11105K, committed 11968K, reserved 1048576K
}
Event: 2206.889 GC heap before
{Heap before GC invocations=2710 (full 6):
 PSYoungGen      total 4608K, used 4064K [0x0000000755580000, 0x0000000755b00000, 0x0000000800000000)
  eden space 3584K, 100% used [0x0000000755580000,0x0000000755900000,0x0000000755900000)
  from space 1024K, 46% used [0x0000000755900000,0x0000000755978000,0x0000000755a00000)
  to   space 512K, 0% used [0x0000000755a80000,0x0000000755a80000,0x0000000755b00000)
 ParOldGen       total 1052160K, used 225512K [0x0000000600000000, 0x0000000640380000, 0x0000000755580000)
  object space 1052160K, 21% used [0x0000000600000000,0x000000060dc3a0a0,0x0000000640380000)
 Metaspace       used 99816K, committed 101696K, reserved 1179648K
  class space    used 11105K, committed 11968K, reserved 1048576K
}
Event: 2206.916 GC heap after
{Heap after GC invocations=2710 (full 6):
 PSYoungGen      total 4096K, used 505K [0x0000000755580000, 0x0000000755c00000, 0x0000000800000000)
  eden space 3584K, 0% used [0x0000000755580000,0x0000000755580000,0x0000000755900000)
  from space 512K, 98% used [0x0000000755a80000,0x0000000755afe710,0x0000000755b00000)
  to   space 1536K, 0% used [0x0000000755900000,0x0000000755900000,0x0000000755a80000)
 ParOldGen       total 1052160K, used 225987K [0x0000000600000000, 0x0000000640380000, 0x0000000755580000)
  object space 1052160K, 21% used [0x0000000600000000,0x000000060dcb0ff0,0x0000000640380000)
 Metaspace       used 99816K, committed 101696K, reserved 1179648K
  class space    used 11105K, committed 11968K, reserved 1048576K
}
Event: 2206.967 GC heap before
{Heap before GC invocations=2711 (full 6):
 PSYoungGen      total 4096K, used 4089K [0x0000000755580000, 0x0000000755c00000, 0x0000000800000000)
  eden space 3584K, 100% used [0x0000000755580000,0x0000000755900000,0x0000000755900000)
  from space 512K, 98% used [0x0000000755a80000,0x0000000755afe710,0x0000000755b00000)
  to   space 1536K, 0% used [0x0000000755900000,0x0000000755900000,0x0000000755a80000)
 ParOldGen       total 1052160K, used 225987K [0x0000000600000000, 0x0000000640380000, 0x0000000755580000)
  object space 1052160K, 21% used [0x0000000600000000,0x000000060dcb0ff0,0x0000000640380000)
 Metaspace       used 99816K, committed 101696K, reserved 1179648K
  class space    used 11105K, committed 11968K, reserved 1048576K
}
Event: 2206.973 GC heap after
{Heap after GC invocations=2711 (full 6):
 PSYoungGen      total 4608K, used 527K [0x0000000755580000, 0x0000000755b00000, 0x0000000800000000)
  eden space 3584K, 0% used [0x0000000755580000,0x0000000755580000,0x0000000755900000)
  from space 1024K, 51% used [0x0000000755900000,0x0000000755983d98,0x0000000755a00000)
  to   space 1024K, 0% used [0x0000000755a00000,0x0000000755a00000,0x0000000755b00000)
 ParOldGen       total 1052160K, used 226236K [0x0000000600000000, 0x0000000640380000, 0x0000000755580000)
  object space 1052160K, 21% used [0x0000000600000000,0x000000060dcef000,0x0000000640380000)
 Metaspace       used 99816K, committed 101696K, reserved 1179648K
  class space    used 11105K, committed 11968K, reserved 1048576K
}
Event: 2206.990 GC heap before
{Heap before GC invocations=2712 (full 6):
 PSYoungGen      total 4608K, used 4111K [0x0000000755580000, 0x0000000755b00000, 0x0000000800000000)
  eden space 3584K, 100% used [0x0000000755580000,0x0000000755900000,0x0000000755900000)
  from space 1024K, 51% used [0x0000000755900000,0x0000000755983d98,0x0000000755a00000)
  to   space 1024K, 0% used [0x0000000755a00000,0x0000000755a00000,0x0000000755b00000)
 ParOldGen       total 1052160K, used 226236K [0x0000000600000000, 0x0000000640380000, 0x0000000755580000)
  object space 1052160K, 21% used [0x0000000600000000,0x000000060dcef000,0x0000000640380000)
 Metaspace       used 99816K, committed 101696K, reserved 1179648K
  class space    used 11105K, committed 11968K, reserved 1048576K
}
Event: 2207.002 GC heap after
{Heap after GC invocations=2712 (full 6):
 PSYoungGen      total 5120K, used 288K [0x0000000755580000, 0x0000000755b00000, 0x0000000800000000)
  eden space 4096K, 0% used [0x0000000755580000,0x0000000755580000,0x0000000755980000)
  from space 1024K, 28% used [0x0000000755a00000,0x0000000755a48000,0x0000000755b00000)
  to   space 512K, 0% used [0x0000000755980000,0x0000000755980000,0x0000000755a00000)
 ParOldGen       total 1052160K, used 226643K [0x0000000600000000, 0x0000000640380000, 0x0000000755580000)
  object space 1052160K, 21% used [0x0000000600000000,0x000000060dd54db8,0x0000000640380000)
 Metaspace       used 99816K, committed 101696K, reserved 1179648K
  class space    used 11105K, committed 11968K, reserved 1048576K
}
Event: 2210.049 GC heap before
{Heap before GC invocations=2713 (full 6):
 PSYoungGen      total 5120K, used 4384K [0x0000000755580000, 0x0000000755b00000, 0x0000000800000000)
  eden space 4096K, 100% used [0x0000000755580000,0x0000000755980000,0x0000000755980000)
  from space 1024K, 28% used [0x0000000755a00000,0x0000000755a48000,0x0000000755b00000)
  to   space 512K, 0% used [0x0000000755980000,0x0000000755980000,0x0000000755a00000)
 ParOldGen       total 1052160K, used 226643K [0x0000000600000000, 0x0000000640380000, 0x0000000755580000)
  object space 1052160K, 21% used [0x0000000600000000,0x000000060dd54db8,0x0000000640380000)
 Metaspace       used 99822K, committed 101696K, reserved 1179648K
  class space    used 11105K, committed 11968K, reserved 1048576K
}
Event: 2210.080 GC heap after
{Heap after GC invocations=2713 (full 6):
 PSYoungGen      total 4608K, used 192K [0x0000000755580000, 0x0000000755a80000, 0x0000000800000000)
  eden space 4096K, 0% used [0x0000000755580000,0x0000000755580000,0x0000000755980000)
  from space 512K, 37% used [0x0000000755980000,0x00000007559b0000,0x0000000755a00000)
  to   space 512K, 0% used [0x0000000755a00000,0x0000000755a00000,0x0000000755a80000)
 ParOldGen       total 1052160K, used 226851K [0x0000000600000000, 0x0000000640380000, 0x0000000755580000)
  object space 1052160K, 21% used [0x0000000600000000,0x000000060dd88dd8,0x0000000640380000)
 Metaspace       used 99822K, committed 101696K, reserved 1179648K
  class space    used 11105K, committed 11968K, reserved 1048576K
}
Event: 2216.608 GC heap before
{Heap before GC invocations=2714 (full 6):
 PSYoungGen      total 4608K, used 4288K [0x0000000755580000, 0x0000000755a80000, 0x0000000800000000)
  eden space 4096K, 100% used [0x0000000755580000,0x0000000755980000,0x0000000755980000)
  from space 512K, 37% used [0x0000000755980000,0x00000007559b0000,0x0000000755a00000)
  to   space 512K, 0% used [0x0000000755a00000,0x0000000755a00000,0x0000000755a80000)
 ParOldGen       total 1052160K, used 226851K [0x0000000600000000, 0x0000000640380000, 0x0000000755580000)
  object space 1052160K, 21% used [0x0000000600000000,0x000000060dd88dd8,0x0000000640380000)
 Metaspace       used 99850K, committed 101824K, reserved 1179648K
  class space    used 11108K, committed 12032K, reserved 1048576K
}
Event: 2216.615 GC heap after
{Heap after GC invocations=2714 (full 6):
 PSYoungGen      total 4608K, used 128K [0x0000000755580000, 0x0000000755a80000, 0x0000000800000000)
  eden space 4096K, 0% used [0x0000000755580000,0x0000000755580000,0x0000000755980000)
  from space 512K, 25% used [0x0000000755a00000,0x0000000755a20000,0x0000000755a80000)
  to   space 512K, 0% used [0x0000000755980000,0x0000000755980000,0x0000000755a00000)
 ParOldGen       total 1052160K, used 227010K [0x0000000600000000, 0x0000000640380000, 0x0000000755580000)
  object space 1052160K, 21% used [0x0000000600000000,0x000000060ddb0810,0x0000000640380000)
 Metaspace       used 99850K, committed 101824K, reserved 1179648K
  class space    used 11108K, committed 12032K, reserved 1048576K
}
Event: 2242.838 GC heap before
{Heap before GC invocations=2715 (full 6):
 PSYoungGen      total 4608K, used 4224K [0x0000000755580000, 0x0000000755a80000, 0x0000000800000000)
  eden space 4096K, 100% used [0x0000000755580000,0x0000000755980000,0x0000000755980000)
  from space 512K, 25% used [0x0000000755a00000,0x0000000755a20000,0x0000000755a80000)
  to   space 512K, 0% used [0x0000000755980000,0x0000000755980000,0x0000000755a00000)
 ParOldGen       total 1052160K, used 227010K [0x0000000600000000, 0x0000000640380000, 0x0000000755580000)
  object space 1052160K, 21% used [0x0000000600000000,0x000000060ddb0810,0x0000000640380000)
 Metaspace       used 99924K, committed 101888K, reserved 1179648K
  class space    used 11110K, committed 12032K, reserved 1048576K
}
Event: 2242.847 GC heap after
{Heap after GC invocations=2715 (full 6):
 PSYoungGen      total 4608K, used 160K [0x0000000755580000, 0x0000000755a80000, 0x0000000800000000)
  eden space 4096K, 0% used [0x0000000755580000,0x0000000755580000,0x0000000755980000)
  from space 512K, 31% used [0x0000000755980000,0x00000007559a8000,0x0000000755a00000)
  to   space 512K, 0% used [0x0000000755a00000,0x0000000755a00000,0x0000000755a80000)
 ParOldGen       total 1052160K, used 227070K [0x0000000600000000, 0x0000000640380000, 0x0000000755580000)
  object space 1052160K, 21% used [0x0000000600000000,0x000000060ddbf820,0x0000000640380000)
 Metaspace       used 99924K, committed 101888K, reserved 1179648K
  class space    used 11110K, committed 12032K, reserved 1048576K
}

